<?xml version="1.0" encoding="UTF-8"?>
<Site BuildName="(empty)"
	BuildStamp="20250603-1646-Experimental"
	Name="(empty)"
	Generator="ctest-3.28.3"
	CompilerName=""
	CompilerVersion=""
	OSName="Linux"
	Hostname="Tymon"
	OSRelease="6.11.0-26-generic"
	OSVersion="#26~24.04.1-Ubuntu SMP PREEMPT_DYNAMIC Thu Apr 17 19:20:47 UTC 2"
	OSPlatform="x86_64"
	Is64Bits="1"
	VendorString="GenuineIntel"
	VendorID="Intel Corporation"
	FamilyID="6"
	ModelID="186"
	ProcessorCacheSize="12288"
	NumberOfLogicalCPU="12"
	NumberOfPhysicalCPU="10"
	TotalVirtualMemory="4095"
	TotalPhysicalMemory="15611"
	LogicalProcessorsPerPhysical="1"
	ProcessorClockFrequency="1017.36"
	>
	<Testing>
		<StartDateTime>Jun 03 19:08 CEST</StartDateTime>
		<StartTestTime>1748970481</StartTestTime>
		<TestList/>
		<EndDateTime>Jun 03 19:08 CEST</EndDateTime>
		<EndTestTime>1748970481</EndTestTime>
		<ElapsedMinutes>0</ElapsedMinutes>
	</Testing>
</Site>
